
NoSpaceLeftError: No space left on devices.

  Running command git clone --quiet https://github.com/huggingface/transformers.git /tmp/pip-install-gb7hkyqe/transformers_55b763473d934d2b977f6e7d8e064c1f
  Running command git clone --quiet https://github.com/huggingface/peft.git /tmp/pip-install-gb7hkyqe/peft_65348adfa2ee467db536a49390b6cec6
  Running command git clone --quiet https://github.com/huggingface/accelerate.git /tmp/pip-install-gb7hkyqe/accelerate_3fcbf51a44ef4308a2bbf1e73a50a11f

NoSpaceLeftError: No space left on devices.

/home/brc4cb/.conda/envs/falcon_40B/lib/python3.9/site-packages/bitsandbytes/cuda_setup/main.py:149: UserWarning: Found duplicate ['libcudart.so', 'libcudart.so.11.0', 'libcudart.so.12.0'] files: {PosixPath('/home/brc4cb/.conda/envs/falcon_40B/lib/libcudart.so'), PosixPath('/home/brc4cb/.conda/envs/falcon_40B/lib/libcudart.so.11.0')}.. We'll flip a coin and try one of these, in order to fail forward.
Either way, this might cause trouble in the future:
If you get `CUDA error: invalid device function` errors, the above might be the cause and the solution is to make sure only one ['libcudart.so', 'libcudart.so.11.0', 'libcudart.so.12.0'] in the paths that we search based on your env.
  warn(msg)
Traceback (most recent call last):
  File "/home/brc4cb/.conda/envs/falcon_40B/lib/python3.9/site-packages/huggingface_hub/utils/_errors.py", line 261, in hf_raise_for_status
    response.raise_for_status()
  File "/home/brc4cb/.conda/envs/falcon_40B/lib/python3.9/site-packages/requests/models.py", line 1021, in raise_for_status
    raise HTTPError(http_error_msg, response=self)
requests.exceptions.HTTPError: 404 Client Error: Not Found for url: https://huggingface.co/meta-llama/Llama-2-70b/resolve/main/tokenizer_config.json

The above exception was the direct cause of the following exception:

Traceback (most recent call last):
  File "/home/brc4cb/.conda/envs/falcon_40B/lib/python3.9/site-packages/huggingface_hub/file_download.py", line 1195, in hf_hub_download
    metadata = get_hf_file_metadata(
  File "/home/brc4cb/.conda/envs/falcon_40B/lib/python3.9/site-packages/huggingface_hub/utils/_validators.py", line 118, in _inner_fn
    return fn(*args, **kwargs)
  File "/home/brc4cb/.conda/envs/falcon_40B/lib/python3.9/site-packages/huggingface_hub/file_download.py", line 1541, in get_hf_file_metadata
    hf_raise_for_status(r)
  File "/home/brc4cb/.conda/envs/falcon_40B/lib/python3.9/site-packages/huggingface_hub/utils/_errors.py", line 271, in hf_raise_for_status
    raise EntryNotFoundError(message, response) from e
huggingface_hub.utils._errors.EntryNotFoundError: 404 Client Error. (Request ID: Root=1-64bbeb8b-2ff627506461f1aa3ec310b0;29aa81fc-da41-40a1-ae4a-29a504ea07c7)

Entry Not Found for url: https://huggingface.co/meta-llama/Llama-2-70b/resolve/main/tokenizer_config.json.

During handling of the above exception, another exception occurred:

Traceback (most recent call last):
  File "/home/brc4cb/.conda/envs/falcon_40B/lib/python3.9/pathlib.py", line 1323, in mkdir
    self._accessor.mkdir(self, mode)
FileNotFoundError: [Errno 2] No such file or directory: '/home/brc4cb/.cache/huggingface/hub/models--meta-llama--Llama-2-70b/.no_exist/fce501427e806d830acbd5e0a697a7924dc49278'

During handling of the above exception, another exception occurred:

Traceback (most recent call last):
  File "/gpfs/gpfs0/project/SDS/research/christ_research/Llama 2/llama2-70b/generate_not_finetuned.py", line 63, in <module>
    tokenizer = AutoTokenizer.from_pretrained(model_path, use_auth_token=True)
  File "/home/brc4cb/.conda/envs/falcon_40B/lib/python3.9/site-packages/transformers/models/auto/tokenization_auto.py", line 652, in from_pretrained
    tokenizer_config = get_tokenizer_config(pretrained_model_name_or_path, **kwargs)
  File "/home/brc4cb/.conda/envs/falcon_40B/lib/python3.9/site-packages/transformers/models/auto/tokenization_auto.py", line 496, in get_tokenizer_config
    resolved_config_file = cached_file(
  File "/home/brc4cb/.conda/envs/falcon_40B/lib/python3.9/site-packages/transformers/utils/hub.py", line 417, in cached_file
    resolved_file = hf_hub_download(
  File "/home/brc4cb/.conda/envs/falcon_40B/lib/python3.9/site-packages/huggingface_hub/utils/_validators.py", line 118, in _inner_fn
    return fn(*args, **kwargs)
  File "/home/brc4cb/.conda/envs/falcon_40B/lib/python3.9/site-packages/huggingface_hub/file_download.py", line 1206, in hf_hub_download
    no_exist_file_path.parent.mkdir(parents=True, exist_ok=True)
  File "/home/brc4cb/.conda/envs/falcon_40B/lib/python3.9/pathlib.py", line 1327, in mkdir
    self.parent.mkdir(parents=True, exist_ok=True)
  File "/home/brc4cb/.conda/envs/falcon_40B/lib/python3.9/pathlib.py", line 1323, in mkdir
    self._accessor.mkdir(self, mode)
OSError: [Errno 28] No space left on device: '/home/brc4cb/.cache/huggingface/hub/models--meta-llama--Llama-2-70b/.no_exist'
